\BOOKMARK [0][-]{section*.1}{摘要}{}% 1
\BOOKMARK [0][-]{section*.2}{ABSTRACT}{}% 2
\BOOKMARK [0][-]{section*.3}{目录}{}% 3
\BOOKMARK [0][-]{chapter.1}{第一章引言}{}% 4
\BOOKMARK [1][-]{section.1.1}{研究背景及意义}{chapter.1}% 5
\BOOKMARK [1][-]{section.1.2}{研究进展及现状}{chapter.1}% 6
\BOOKMARK [1][-]{section.1.3}{研究内容}{chapter.1}% 7
\BOOKMARK [1][-]{section.1.4}{论文结构}{chapter.1}% 8
\BOOKMARK [0][-]{chapter.2}{第二章相关工作}{}% 9
\BOOKMARK [1][-]{section.2.1}{深度学习}{chapter.2}% 10
\BOOKMARK [1][-]{section.2.2}{多任务学习}{chapter.2}% 11
\BOOKMARK [1][-]{section.2.3}{自然语言处理}{chapter.2}% 12
\BOOKMARK [1][-]{section.2.4}{多任务自然语言处理}{chapter.2}% 13
\BOOKMARK [0][-]{chapter.3}{第三章模型}{}% 14
\BOOKMARK [1][-]{section.3.1}{Transformer}{chapter.3}% 15
\BOOKMARK [1][-]{section.3.2}{多任务Transformer}{chapter.3}% 16
\BOOKMARK [2][-]{subsection.3.2.1}{S-P结构}{section.3.2}% 17
\BOOKMARK [2][-]{subsection.3.2.2}{S-C结构}{section.3.2}% 18
\BOOKMARK [2][-]{subsection.3.2.3}{L-I结构}{section.3.2}% 19
\BOOKMARK [2][-]{subsection.3.2.4}{L-E结构}{section.3.2}% 20
\BOOKMARK [1][-]{section.3.3}{实现细节}{chapter.3}% 21
\BOOKMARK [0][-]{chapter.4}{第四章实验}{}% 22
\BOOKMARK [1][-]{section.4.1}{任务描述}{chapter.4}% 23
\BOOKMARK [1][-]{section.4.2}{数据集}{chapter.4}% 24
\BOOKMARK [1][-]{section.4.3}{实验结果}{chapter.4}% 25
\BOOKMARK [1][-]{section.4.4}{实验分析}{chapter.4}% 26
\BOOKMARK [0][-]{chapter.5}{第五章总结与展望}{}% 27
\BOOKMARK [0][-]{section*.13}{致谢}{}% 28
\BOOKMARK [0][-]{section*.14}{参考文献}{}% 29
